Compilación iniciada a las 20/05/2016 20:05:30.
     1>Proyecto "C:\dev\Proyecto_III\PlantillaOpenGL01\PlantillaOpenGL01.vcxproj" en el nodo 2 (Build destinos).
     1>ClCompile:
         C:\Program Files (x86)\Microsoft Visual Studio 11.0\VC\bin\CL.exe /c /IC:\dev\opengl\freeglut\include /I"C:\dev\opengl\glew-1.7.0\include" /ZI /nologo /W3 /WX- /Od /Oy- /D WIN32 /D _DEBUG /D _CONSOLE /D _UNICODE /D UNICODE /Gm /EHsc /RTC1 /MDd /GS /fp:precise /Zc:wchar_t /Zc:forScope /Fo"Debug\\" /Fd"Debug\vc110.pdb" /Gd /TP /analyze- /errorReport:prompt main.cpp
         main.cpp
     1>c:\dev\proyecto_iii\plantillaopengl01\main.cpp(112): warning C4305: '+=' : truncamiento de 'double' a 'float'
     1>c:\dev\proyecto_iii\plantillaopengl01\main.cpp(161): warning C4244: 'argumento' : conversión de 'double' a 'GLfloat'; posible pérdida de datos
     1>c:\dev\proyecto_iii\plantillaopengl01\main.cpp(168): warning C4305: 'argumento' : truncamiento de 'double' a 'GLfloat'
     1>c:\dev\proyecto_iii\plantillaopengl01\main.cpp(168): warning C4244: 'argumento' : conversión de 'int' a 'GLfloat'; posible pérdida de datos
     1>c:\dev\proyecto_iii\plantillaopengl01\main.cpp(169): warning C4305: 'argumento' : truncamiento de 'double' a 'GLfloat'
     1>c:\dev\proyecto_iii\plantillaopengl01\main.cpp(169): warning C4244: 'argumento' : conversión de 'int' a 'GLfloat'; posible pérdida de datos
     1>c:\dev\proyecto_iii\plantillaopengl01\main.cpp(171): warning C4244: 'argumento' : conversión de 'int' a 'GLfloat'; posible pérdida de datos
     1>c:\dev\proyecto_iii\plantillaopengl01\main.cpp(171): warning C4305: 'argumento' : truncamiento de 'double' a 'GLfloat'
     1>c:\dev\proyecto_iii\plantillaopengl01\main.cpp(172): warning C4244: 'argumento' : conversión de 'int' a 'GLfloat'; posible pérdida de datos
     1>c:\dev\proyecto_iii\plantillaopengl01\main.cpp(172): warning C4305: 'argumento' : truncamiento de 'double' a 'GLfloat'
     1>c:\dev\proyecto_iii\plantillaopengl01\main.cpp(174): warning C4305: 'argumento' : truncamiento de 'double' a 'GLfloat'
     1>c:\dev\proyecto_iii\plantillaopengl01\main.cpp(174): warning C4244: 'argumento' : conversión de 'int' a 'GLfloat'; posible pérdida de datos
     1>c:\dev\proyecto_iii\plantillaopengl01\main.cpp(175): warning C4305: 'argumento' : truncamiento de 'double' a 'GLfloat'
     1>c:\dev\proyecto_iii\plantillaopengl01\main.cpp(175): warning C4244: 'argumento' : conversión de 'int' a 'GLfloat'; posible pérdida de datos
     1>c:\dev\proyecto_iii\plantillaopengl01\main.cpp(177): warning C4244: 'argumento' : conversión de 'int' a 'GLfloat'; posible pérdida de datos
     1>c:\dev\proyecto_iii\plantillaopengl01\main.cpp(177): warning C4305: 'argumento' : truncamiento de 'double' a 'GLfloat'
     1>c:\dev\proyecto_iii\plantillaopengl01\main.cpp(178): warning C4244: 'argumento' : conversión de 'int' a 'GLfloat'; posible pérdida de datos
     1>c:\dev\proyecto_iii\plantillaopengl01\main.cpp(178): warning C4305: 'argumento' : truncamiento de 'double' a 'GLfloat'
     1>c:\dev\proyecto_iii\plantillaopengl01\main.cpp(234): warning C4244: '=' : conversión de 'float' a 'int'; posible pérdida de datos
     1>c:\dev\proyecto_iii\plantillaopengl01\main.cpp(241): warning C4244: '=' : conversión de 'float' a 'int'; posible pérdida de datos
       Link:
         C:\Program Files (x86)\Microsoft Visual Studio 11.0\VC\bin\link.exe /ERRORREPORT:PROMPT /OUT:"C:\dev\Proyecto_III\Debug\PlantillaOpenGL01.exe" /INCREMENTAL /NOLOGO /LIBPATH:"C:\Program Files (x86)\Windows Kits\8.1\Lib\winv6.3\um\x86" /LIBPATH:C:\dev\opengl\freeglut\lib /LIBPATH:"C:\dev\opengl\glew-1.7.0\lib" glew32.lib freeglut.lib kernel32.lib user32.lib gdi32.lib winspool.lib comdlg32.lib advapi32.lib shell32.lib ole32.lib oleaut32.lib uuid.lib odbc32.lib odbccp32.lib /MANIFEST /MANIFESTUAC:"level='asInvoker' uiAccess='false'" /manifest:embed /DEBUG /PDB:"C:\dev\Proyecto_III\Debug\PlantillaOpenGL01.pdb" /SUBSYSTEM:CONSOLE /TLBID:1 /DYNAMICBASE /NXCOMPAT /IMPLIB:"C:\dev\Proyecto_III\Debug\PlantillaOpenGL01.lib" /MACHINE:X86 Debug\main.obj
         PlantillaOpenGL01.vcxproj -> C:\dev\Proyecto_III\Debug\PlantillaOpenGL01.exe
     1>Compilación del proyecto terminada "C:\dev\Proyecto_III\PlantillaOpenGL01\PlantillaOpenGL01.vcxproj" (Build destinos).

Compilación correcta.

Tiempo transcurrido 00:00:01.28
